<?xml version="1.0" encoding="UTF-8"?>
<testsuite xmlns:xsi="http://www.w3.org/2001/XMLSchema-instance" xsi:noNamespaceSchemaLocation="https://maven.apache.org/surefire/maven-surefire-plugin/xsd/surefire-test-report.xsd" name="TestSuite" time="320.205" tests="12" errors="0" skipped="0" failures="3">
  <properties>
    <property name="java.specification.version" value="17"/>
    <property name="sun.jnu.encoding" value="UTF-8"/>
    <property name="java.class.path" value="/Users/mandeep/eclipse-workspace/hybridWeb/target/test-classes:/Users/mandeep/eclipse-workspace/hybridWeb/target/classes:/Users/mandeep/.m2/repository/org/testng/testng/7.6.1/testng-7.6.1.jar:/Users/mandeep/.m2/repository/com/google/code/findbugs/jsr305/3.0.2/jsr305-3.0.2.jar:/Users/mandeep/.m2/repository/com/beust/jcommander/1.82/jcommander-1.82.jar:/Users/mandeep/.m2/repository/org/webjars/jquery/3.6.0/jquery-3.6.0.jar:/Users/mandeep/.m2/repository/org/seleniumhq/selenium/selenium-java/4.4.0/selenium-java-4.4.0.jar:/Users/mandeep/.m2/repository/org/seleniumhq/selenium/selenium-api/4.4.0/selenium-api-4.4.0.jar:/Users/mandeep/.m2/repository/org/seleniumhq/selenium/selenium-chrome-driver/4.4.0/selenium-chrome-driver-4.4.0.jar:/Users/mandeep/.m2/repository/com/google/auto/service/auto-service-annotations/1.0.1/auto-service-annotations-1.0.1.jar:/Users/mandeep/.m2/repository/com/google/auto/service/auto-service/1.0.1/auto-service-1.0.1.jar:/Users/mandeep/.m2/repository/com/google/auto/auto-common/1.2/auto-common-1.2.jar:/Users/mandeep/.m2/repository/org/seleniumhq/selenium/selenium-chromium-driver/4.4.0/selenium-chromium-driver-4.4.0.jar:/Users/mandeep/.m2/repository/org/seleniumhq/selenium/selenium-json/4.4.0/selenium-json-4.4.0.jar:/Users/mandeep/.m2/repository/org/seleniumhq/selenium/selenium-devtools-v102/4.4.0/selenium-devtools-v102-4.4.0.jar:/Users/mandeep/.m2/repository/org/seleniumhq/selenium/selenium-devtools-v103/4.4.0/selenium-devtools-v103-4.4.0.jar:/Users/mandeep/.m2/repository/org/seleniumhq/selenium/selenium-devtools-v104/4.4.0/selenium-devtools-v104-4.4.0.jar:/Users/mandeep/.m2/repository/org/seleniumhq/selenium/selenium-devtools-v85/4.4.0/selenium-devtools-v85-4.4.0.jar:/Users/mandeep/.m2/repository/org/seleniumhq/selenium/selenium-edge-driver/4.4.0/selenium-edge-driver-4.4.0.jar:/Users/mandeep/.m2/repository/org/seleniumhq/selenium/selenium-firefox-driver/4.4.0/selenium-firefox-driver-4.4.0.jar:/Users/mandeep/.m2/repository/org/seleniumhq/selenium/selenium-ie-driver/4.4.0/selenium-ie-driver-4.4.0.jar:/Users/mandeep/.m2/repository/org/seleniumhq/selenium/selenium-opera-driver/4.4.0/selenium-opera-driver-4.4.0.jar:/Users/mandeep/.m2/repository/org/seleniumhq/selenium/selenium-remote-driver/4.4.0/selenium-remote-driver-4.4.0.jar:/Users/mandeep/.m2/repository/io/netty/netty-buffer/4.1.78.Final/netty-buffer-4.1.78.Final.jar:/Users/mandeep/.m2/repository/io/netty/netty-codec-http/4.1.78.Final/netty-codec-http-4.1.78.Final.jar:/Users/mandeep/.m2/repository/io/netty/netty-codec/4.1.78.Final/netty-codec-4.1.78.Final.jar:/Users/mandeep/.m2/repository/io/netty/netty-handler/4.1.78.Final/netty-handler-4.1.78.Final.jar:/Users/mandeep/.m2/repository/io/netty/netty-common/4.1.78.Final/netty-common-4.1.78.Final.jar:/Users/mandeep/.m2/repository/io/netty/netty-transport-classes-epoll/4.1.78.Final/netty-transport-classes-epoll-4.1.78.Final.jar:/Users/mandeep/.m2/repository/io/netty/netty-transport-classes-kqueue/4.1.78.Final/netty-transport-classes-kqueue-4.1.78.Final.jar:/Users/mandeep/.m2/repository/io/netty/netty-transport-native-epoll/4.1.78.Final/netty-transport-native-epoll-4.1.78.Final.jar:/Users/mandeep/.m2/repository/io/netty/netty-transport-native-kqueue/4.1.78.Final/netty-transport-native-kqueue-4.1.78.Final.jar:/Users/mandeep/.m2/repository/io/netty/netty-transport-native-unix-common/4.1.78.Final/netty-transport-native-unix-common-4.1.78.Final.jar:/Users/mandeep/.m2/repository/io/netty/netty-transport/4.1.78.Final/netty-transport-4.1.78.Final.jar:/Users/mandeep/.m2/repository/io/netty/netty-resolver/4.1.78.Final/netty-resolver-4.1.78.Final.jar:/Users/mandeep/.m2/repository/io/opentelemetry/opentelemetry-api/1.16.0/opentelemetry-api-1.16.0.jar:/Users/mandeep/.m2/repository/io/opentelemetry/opentelemetry-context/1.16.0/opentelemetry-context-1.16.0.jar:/Users/mandeep/.m2/repository/io/opentelemetry/opentelemetry-exporter-logging/1.16.0/opentelemetry-exporter-logging-1.16.0.jar:/Users/mandeep/.m2/repository/io/opentelemetry/opentelemetry-sdk-metrics/1.16.0/opentelemetry-sdk-metrics-1.16.0.jar:/Users/mandeep/.m2/repository/io/opentelemetry/opentelemetry-sdk-logs/1.16.0-alpha/opentelemetry-sdk-logs-1.16.0-alpha.jar:/Users/mandeep/.m2/repository/io/opentelemetry/opentelemetry-sdk-common/1.16.0/opentelemetry-sdk-common-1.16.0.jar:/Users/mandeep/.m2/repository/io/opentelemetry/opentelemetry-sdk-extension-autoconfigure-spi/1.16.0/opentelemetry-sdk-extension-autoconfigure-spi-1.16.0.jar:/Users/mandeep/.m2/repository/io/opentelemetry/opentelemetry-sdk-extension-autoconfigure/1.16.0-alpha/opentelemetry-sdk-extension-autoconfigure-1.16.0-alpha.jar:/Users/mandeep/.m2/repository/io/opentelemetry/opentelemetry-sdk-trace/1.16.0/opentelemetry-sdk-trace-1.16.0.jar:/Users/mandeep/.m2/repository/io/opentelemetry/opentelemetry-sdk/1.16.0/opentelemetry-sdk-1.16.0.jar:/Users/mandeep/.m2/repository/io/opentelemetry/opentelemetry-semconv/1.16.0-alpha/opentelemetry-semconv-1.16.0-alpha.jar:/Users/mandeep/.m2/repository/io/ous/jtoml/2.0.0/jtoml-2.0.0.jar:/Users/mandeep/.m2/repository/net/bytebuddy/byte-buddy/1.12.10/byte-buddy-1.12.10.jar:/Users/mandeep/.m2/repository/org/apache/commons/commons-exec/1.3/commons-exec-1.3.jar:/Users/mandeep/.m2/repository/org/asynchttpclient/async-http-client/2.12.3/async-http-client-2.12.3.jar:/Users/mandeep/.m2/repository/org/asynchttpclient/async-http-client-netty-utils/2.12.3/async-http-client-netty-utils-2.12.3.jar:/Users/mandeep/.m2/repository/io/netty/netty-codec-socks/4.1.60.Final/netty-codec-socks-4.1.60.Final.jar:/Users/mandeep/.m2/repository/io/netty/netty-handler-proxy/4.1.60.Final/netty-handler-proxy-4.1.60.Final.jar:/Users/mandeep/.m2/repository/io/netty/netty-transport-native-epoll/4.1.60.Final/netty-transport-native-epoll-4.1.60.Final-linux-x86_64.jar:/Users/mandeep/.m2/repository/io/netty/netty-transport-native-kqueue/4.1.60.Final/netty-transport-native-kqueue-4.1.60.Final-osx-x86_64.jar:/Users/mandeep/.m2/repository/org/reactivestreams/reactive-streams/1.0.3/reactive-streams-1.0.3.jar:/Users/mandeep/.m2/repository/com/typesafe/netty/netty-reactive-streams/2.0.4/netty-reactive-streams-2.0.4.jar:/Users/mandeep/.m2/repository/com/sun/activation/jakarta.activation/1.2.2/jakarta.activation-1.2.2.jar:/Users/mandeep/.m2/repository/org/seleniumhq/selenium/selenium-http/4.4.0/selenium-http-4.4.0.jar:/Users/mandeep/.m2/repository/dev/failsafe/failsafe/3.2.4/failsafe-3.2.4.jar:/Users/mandeep/.m2/repository/org/seleniumhq/selenium/selenium-safari-driver/4.4.0/selenium-safari-driver-4.4.0.jar:/Users/mandeep/.m2/repository/org/seleniumhq/selenium/selenium-support/4.4.0/selenium-support-4.4.0.jar:/Users/mandeep/.m2/repository/io/github/bonigarcia/webdrivermanager/5.3.0/webdrivermanager-5.3.0.jar:/Users/mandeep/.m2/repository/com/google/code/gson/gson/2.9.1/gson-2.9.1.jar:/Users/mandeep/.m2/repository/com/github/docker-java/docker-java/3.2.13/docker-java-3.2.13.jar:/Users/mandeep/.m2/repository/com/github/docker-java/docker-java-core/3.2.13/docker-java-core-3.2.13.jar:/Users/mandeep/.m2/repository/com/github/docker-java/docker-java-api/3.2.13/docker-java-api-3.2.13.jar:/Users/mandeep/.m2/repository/com/fasterxml/jackson/core/jackson-annotations/2.10.3/jackson-annotations-2.10.3.jar:/Users/mandeep/.m2/repository/com/fasterxml/jackson/core/jackson-databind/2.10.3/jackson-databind-2.10.3.jar:/Users/mandeep/.m2/repository/com/fasterxml/jackson/core/jackson-core/2.10.3/jackson-core-2.10.3.jar:/Users/mandeep/.m2/repository/org/bouncycastle/bcpkix-jdk15on/1.64/bcpkix-jdk15on-1.64.jar:/Users/mandeep/.m2/repository/org/bouncycastle/bcprov-jdk15on/1.64/bcprov-jdk15on-1.64.jar:/Users/mandeep/.m2/repository/org/slf4j/jcl-over-slf4j/1.7.30/jcl-over-slf4j-1.7.30.jar:/Users/mandeep/.m2/repository/com/github/docker-java/docker-java-transport-httpclient5/3.2.13/docker-java-transport-httpclient5-3.2.13.jar:/Users/mandeep/.m2/repository/com/github/docker-java/docker-java-transport/3.2.13/docker-java-transport-3.2.13.jar:/Users/mandeep/.m2/repository/net/java/dev/jna/jna/5.8.0/jna-5.8.0.jar:/Users/mandeep/.m2/repository/org/brotli/dec/0.1.2/dec-0.1.2.jar:/Users/mandeep/.m2/repository/org/apache/commons/commons-lang3/3.12.0/commons-lang3-3.12.0.jar:/Users/mandeep/.m2/repository/org/apache/httpcomponents/client5/httpclient5/5.1.3/httpclient5-5.1.3.jar:/Users/mandeep/.m2/repository/org/apache/httpcomponents/core5/httpcore5/5.1.3/httpcore5-5.1.3.jar:/Users/mandeep/.m2/repository/org/apache/httpcomponents/core5/httpcore5-h2/5.1.3/httpcore5-h2-5.1.3.jar:/Users/mandeep/.m2/repository/com/google/guava/guava/31.0.1-jre/guava-31.0.1-jre.jar:/Users/mandeep/.m2/repository/com/google/guava/failureaccess/1.0.1/failureaccess-1.0.1.jar:/Users/mandeep/.m2/repository/com/google/guava/listenablefuture/9999.0-empty-to-avoid-conflict-with-guava/listenablefuture-9999.0-empty-to-avoid-conflict-with-guava.jar:/Users/mandeep/.m2/repository/org/checkerframework/checker-qual/3.12.0/checker-qual-3.12.0.jar:/Users/mandeep/.m2/repository/com/google/errorprone/error_prone_annotations/2.7.1/error_prone_annotations-2.7.1.jar:/Users/mandeep/.m2/repository/com/google/j2objc/j2objc-annotations/1.3/j2objc-annotations-1.3.jar:/Users/mandeep/.m2/repository/com/relevantcodes/extentreports/2.41.2/extentreports-2.41.2.jar:/Users/mandeep/.m2/repository/org/jsoup/jsoup/1.8.3/jsoup-1.8.3.jar:/Users/mandeep/.m2/repository/org/xerial/sqlite-jdbc/3.8.11.1/sqlite-jdbc-3.8.11.1.jar:/Users/mandeep/.m2/repository/org/freemarker/freemarker/2.3.23/freemarker-2.3.23.jar:/Users/mandeep/.m2/repository/org/slf4j/slf4j-api/1.7.5/slf4j-api-1.7.5.jar:/Users/mandeep/.m2/repository/org/slf4j/slf4j-log4j12/1.7.5/slf4j-log4j12-1.7.5.jar:/Users/mandeep/.m2/repository/log4j/log4j/1.2.17/log4j-1.2.17.jar:/Users/mandeep/.m2/repository/org/apache/poi/poi/5.2.2/poi-5.2.2.jar:/Users/mandeep/.m2/repository/commons-codec/commons-codec/1.15/commons-codec-1.15.jar:/Users/mandeep/.m2/repository/org/apache/commons/commons-collections4/4.4/commons-collections4-4.4.jar:/Users/mandeep/.m2/repository/org/apache/commons/commons-math3/3.6.1/commons-math3-3.6.1.jar:/Users/mandeep/.m2/repository/commons-io/commons-io/2.11.0/commons-io-2.11.0.jar:/Users/mandeep/.m2/repository/com/zaxxer/SparseBitSet/1.2/SparseBitSet-1.2.jar:/Users/mandeep/.m2/repository/org/apache/logging/log4j/log4j-api/2.17.2/log4j-api-2.17.2.jar:/Users/mandeep/.m2/repository/org/apache/poi/poi-ooxml/5.2.2/poi-ooxml-5.2.2.jar:/Users/mandeep/.m2/repository/org/apache/poi/poi-ooxml-lite/5.2.2/poi-ooxml-lite-5.2.2.jar:/Users/mandeep/.m2/repository/org/apache/xmlbeans/xmlbeans/5.0.3/xmlbeans-5.0.3.jar:/Users/mandeep/.m2/repository/org/apache/commons/commons-compress/1.21/commons-compress-1.21.jar:/Users/mandeep/.m2/repository/com/github/virtuald/curvesapi/1.07/curvesapi-1.07.jar:/Users/mandeep/.m2/repository/org/apache/logging/log4j/log4j-core/2.17.2/log4j-core-2.17.2.jar:/Users/mandeep/.m2/repository/org/mongodb/mongodb-jdbc/2.0.0/mongodb-jdbc-2.0.0.jar:/Users/mandeep/.m2/repository/org/mongodb/mongodb-driver-sync/3.12.11/mongodb-driver-sync-3.12.11.jar:/Users/mandeep/.m2/repository/org/mongodb/bson/3.12.11/bson-3.12.11.jar:/Users/mandeep/.m2/repository/org/mongodb/mongodb-driver/3.12.11/mongodb-driver-3.12.11.jar:/Users/mandeep/.m2/repository/org/aspectj/aspectjrt/1.9.7/aspectjrt-1.9.7.jar:/Users/mandeep/.m2/repository/org/mongodb/mongodb-driver-core/3.12.11/mongodb-driver-core-3.12.11.jar:/Users/mandeep/.m2/repository/org/yaml/snakeyaml/1.29/snakeyaml-1.29.jar:"/>
    <property name="java.vm.vendor" value="Oracle Corporation"/>
    <property name="sun.arch.data.model" value="64"/>
    <property name="java.vendor.url" value="https://java.oracle.com/"/>
    <property name="os.name" value="Mac OS X"/>
    <property name="java.vm.specification.version" value="17"/>
    <property name="sun.java.launcher" value="SUN_STANDARD"/>
    <property name="user.country" value="IN"/>
    <property name="sun.boot.library.path" value="/Library/Java/JavaVirtualMachines/jdk-17.0.1.jdk/Contents/Home/lib"/>
    <property name="sun.java.command" value="/Users/mandeep/eclipse-workspace/hybridWeb/target/surefire/surefirebooter16388560793712075944.jar /Users/mandeep/eclipse-workspace/hybridWeb/target/surefire 2022-09-09T21-02-20_067-jvmRun1 surefire3353259771255443258tmp surefire_03327633046504744046tmp"/>
    <property name="http.nonProxyHosts" value="local|*.local|169.254/16|*.169.254/16"/>
    <property name="jdk.debug" value="release"/>
    <property name="surefire.test.class.path" value="/Users/mandeep/eclipse-workspace/hybridWeb/target/test-classes:/Users/mandeep/eclipse-workspace/hybridWeb/target/classes:/Users/mandeep/.m2/repository/org/testng/testng/7.6.1/testng-7.6.1.jar:/Users/mandeep/.m2/repository/com/google/code/findbugs/jsr305/3.0.2/jsr305-3.0.2.jar:/Users/mandeep/.m2/repository/com/beust/jcommander/1.82/jcommander-1.82.jar:/Users/mandeep/.m2/repository/org/webjars/jquery/3.6.0/jquery-3.6.0.jar:/Users/mandeep/.m2/repository/org/seleniumhq/selenium/selenium-java/4.4.0/selenium-java-4.4.0.jar:/Users/mandeep/.m2/repository/org/seleniumhq/selenium/selenium-api/4.4.0/selenium-api-4.4.0.jar:/Users/mandeep/.m2/repository/org/seleniumhq/selenium/selenium-chrome-driver/4.4.0/selenium-chrome-driver-4.4.0.jar:/Users/mandeep/.m2/repository/com/google/auto/service/auto-service-annotations/1.0.1/auto-service-annotations-1.0.1.jar:/Users/mandeep/.m2/repository/com/google/auto/service/auto-service/1.0.1/auto-service-1.0.1.jar:/Users/mandeep/.m2/repository/com/google/auto/auto-common/1.2/auto-common-1.2.jar:/Users/mandeep/.m2/repository/org/seleniumhq/selenium/selenium-chromium-driver/4.4.0/selenium-chromium-driver-4.4.0.jar:/Users/mandeep/.m2/repository/org/seleniumhq/selenium/selenium-json/4.4.0/selenium-json-4.4.0.jar:/Users/mandeep/.m2/repository/org/seleniumhq/selenium/selenium-devtools-v102/4.4.0/selenium-devtools-v102-4.4.0.jar:/Users/mandeep/.m2/repository/org/seleniumhq/selenium/selenium-devtools-v103/4.4.0/selenium-devtools-v103-4.4.0.jar:/Users/mandeep/.m2/repository/org/seleniumhq/selenium/selenium-devtools-v104/4.4.0/selenium-devtools-v104-4.4.0.jar:/Users/mandeep/.m2/repository/org/seleniumhq/selenium/selenium-devtools-v85/4.4.0/selenium-devtools-v85-4.4.0.jar:/Users/mandeep/.m2/repository/org/seleniumhq/selenium/selenium-edge-driver/4.4.0/selenium-edge-driver-4.4.0.jar:/Users/mandeep/.m2/repository/org/seleniumhq/selenium/selenium-firefox-driver/4.4.0/selenium-firefox-driver-4.4.0.jar:/Users/mandeep/.m2/repository/org/seleniumhq/selenium/selenium-ie-driver/4.4.0/selenium-ie-driver-4.4.0.jar:/Users/mandeep/.m2/repository/org/seleniumhq/selenium/selenium-opera-driver/4.4.0/selenium-opera-driver-4.4.0.jar:/Users/mandeep/.m2/repository/org/seleniumhq/selenium/selenium-remote-driver/4.4.0/selenium-remote-driver-4.4.0.jar:/Users/mandeep/.m2/repository/io/netty/netty-buffer/4.1.78.Final/netty-buffer-4.1.78.Final.jar:/Users/mandeep/.m2/repository/io/netty/netty-codec-http/4.1.78.Final/netty-codec-http-4.1.78.Final.jar:/Users/mandeep/.m2/repository/io/netty/netty-codec/4.1.78.Final/netty-codec-4.1.78.Final.jar:/Users/mandeep/.m2/repository/io/netty/netty-handler/4.1.78.Final/netty-handler-4.1.78.Final.jar:/Users/mandeep/.m2/repository/io/netty/netty-common/4.1.78.Final/netty-common-4.1.78.Final.jar:/Users/mandeep/.m2/repository/io/netty/netty-transport-classes-epoll/4.1.78.Final/netty-transport-classes-epoll-4.1.78.Final.jar:/Users/mandeep/.m2/repository/io/netty/netty-transport-classes-kqueue/4.1.78.Final/netty-transport-classes-kqueue-4.1.78.Final.jar:/Users/mandeep/.m2/repository/io/netty/netty-transport-native-epoll/4.1.78.Final/netty-transport-native-epoll-4.1.78.Final.jar:/Users/mandeep/.m2/repository/io/netty/netty-transport-native-kqueue/4.1.78.Final/netty-transport-native-kqueue-4.1.78.Final.jar:/Users/mandeep/.m2/repository/io/netty/netty-transport-native-unix-common/4.1.78.Final/netty-transport-native-unix-common-4.1.78.Final.jar:/Users/mandeep/.m2/repository/io/netty/netty-transport/4.1.78.Final/netty-transport-4.1.78.Final.jar:/Users/mandeep/.m2/repository/io/netty/netty-resolver/4.1.78.Final/netty-resolver-4.1.78.Final.jar:/Users/mandeep/.m2/repository/io/opentelemetry/opentelemetry-api/1.16.0/opentelemetry-api-1.16.0.jar:/Users/mandeep/.m2/repository/io/opentelemetry/opentelemetry-context/1.16.0/opentelemetry-context-1.16.0.jar:/Users/mandeep/.m2/repository/io/opentelemetry/opentelemetry-exporter-logging/1.16.0/opentelemetry-exporter-logging-1.16.0.jar:/Users/mandeep/.m2/repository/io/opentelemetry/opentelemetry-sdk-metrics/1.16.0/opentelemetry-sdk-metrics-1.16.0.jar:/Users/mandeep/.m2/repository/io/opentelemetry/opentelemetry-sdk-logs/1.16.0-alpha/opentelemetry-sdk-logs-1.16.0-alpha.jar:/Users/mandeep/.m2/repository/io/opentelemetry/opentelemetry-sdk-common/1.16.0/opentelemetry-sdk-common-1.16.0.jar:/Users/mandeep/.m2/repository/io/opentelemetry/opentelemetry-sdk-extension-autoconfigure-spi/1.16.0/opentelemetry-sdk-extension-autoconfigure-spi-1.16.0.jar:/Users/mandeep/.m2/repository/io/opentelemetry/opentelemetry-sdk-extension-autoconfigure/1.16.0-alpha/opentelemetry-sdk-extension-autoconfigure-1.16.0-alpha.jar:/Users/mandeep/.m2/repository/io/opentelemetry/opentelemetry-sdk-trace/1.16.0/opentelemetry-sdk-trace-1.16.0.jar:/Users/mandeep/.m2/repository/io/opentelemetry/opentelemetry-sdk/1.16.0/opentelemetry-sdk-1.16.0.jar:/Users/mandeep/.m2/repository/io/opentelemetry/opentelemetry-semconv/1.16.0-alpha/opentelemetry-semconv-1.16.0-alpha.jar:/Users/mandeep/.m2/repository/io/ous/jtoml/2.0.0/jtoml-2.0.0.jar:/Users/mandeep/.m2/repository/net/bytebuddy/byte-buddy/1.12.10/byte-buddy-1.12.10.jar:/Users/mandeep/.m2/repository/org/apache/commons/commons-exec/1.3/commons-exec-1.3.jar:/Users/mandeep/.m2/repository/org/asynchttpclient/async-http-client/2.12.3/async-http-client-2.12.3.jar:/Users/mandeep/.m2/repository/org/asynchttpclient/async-http-client-netty-utils/2.12.3/async-http-client-netty-utils-2.12.3.jar:/Users/mandeep/.m2/repository/io/netty/netty-codec-socks/4.1.60.Final/netty-codec-socks-4.1.60.Final.jar:/Users/mandeep/.m2/repository/io/netty/netty-handler-proxy/4.1.60.Final/netty-handler-proxy-4.1.60.Final.jar:/Users/mandeep/.m2/repository/io/netty/netty-transport-native-epoll/4.1.60.Final/netty-transport-native-epoll-4.1.60.Final-linux-x86_64.jar:/Users/mandeep/.m2/repository/io/netty/netty-transport-native-kqueue/4.1.60.Final/netty-transport-native-kqueue-4.1.60.Final-osx-x86_64.jar:/Users/mandeep/.m2/repository/org/reactivestreams/reactive-streams/1.0.3/reactive-streams-1.0.3.jar:/Users/mandeep/.m2/repository/com/typesafe/netty/netty-reactive-streams/2.0.4/netty-reactive-streams-2.0.4.jar:/Users/mandeep/.m2/repository/com/sun/activation/jakarta.activation/1.2.2/jakarta.activation-1.2.2.jar:/Users/mandeep/.m2/repository/org/seleniumhq/selenium/selenium-http/4.4.0/selenium-http-4.4.0.jar:/Users/mandeep/.m2/repository/dev/failsafe/failsafe/3.2.4/failsafe-3.2.4.jar:/Users/mandeep/.m2/repository/org/seleniumhq/selenium/selenium-safari-driver/4.4.0/selenium-safari-driver-4.4.0.jar:/Users/mandeep/.m2/repository/org/seleniumhq/selenium/selenium-support/4.4.0/selenium-support-4.4.0.jar:/Users/mandeep/.m2/repository/io/github/bonigarcia/webdrivermanager/5.3.0/webdrivermanager-5.3.0.jar:/Users/mandeep/.m2/repository/com/google/code/gson/gson/2.9.1/gson-2.9.1.jar:/Users/mandeep/.m2/repository/com/github/docker-java/docker-java/3.2.13/docker-java-3.2.13.jar:/Users/mandeep/.m2/repository/com/github/docker-java/docker-java-core/3.2.13/docker-java-core-3.2.13.jar:/Users/mandeep/.m2/repository/com/github/docker-java/docker-java-api/3.2.13/docker-java-api-3.2.13.jar:/Users/mandeep/.m2/repository/com/fasterxml/jackson/core/jackson-annotations/2.10.3/jackson-annotations-2.10.3.jar:/Users/mandeep/.m2/repository/com/fasterxml/jackson/core/jackson-databind/2.10.3/jackson-databind-2.10.3.jar:/Users/mandeep/.m2/repository/com/fasterxml/jackson/core/jackson-core/2.10.3/jackson-core-2.10.3.jar:/Users/mandeep/.m2/repository/org/bouncycastle/bcpkix-jdk15on/1.64/bcpkix-jdk15on-1.64.jar:/Users/mandeep/.m2/repository/org/bouncycastle/bcprov-jdk15on/1.64/bcprov-jdk15on-1.64.jar:/Users/mandeep/.m2/repository/org/slf4j/jcl-over-slf4j/1.7.30/jcl-over-slf4j-1.7.30.jar:/Users/mandeep/.m2/repository/com/github/docker-java/docker-java-transport-httpclient5/3.2.13/docker-java-transport-httpclient5-3.2.13.jar:/Users/mandeep/.m2/repository/com/github/docker-java/docker-java-transport/3.2.13/docker-java-transport-3.2.13.jar:/Users/mandeep/.m2/repository/net/java/dev/jna/jna/5.8.0/jna-5.8.0.jar:/Users/mandeep/.m2/repository/org/brotli/dec/0.1.2/dec-0.1.2.jar:/Users/mandeep/.m2/repository/org/apache/commons/commons-lang3/3.12.0/commons-lang3-3.12.0.jar:/Users/mandeep/.m2/repository/org/apache/httpcomponents/client5/httpclient5/5.1.3/httpclient5-5.1.3.jar:/Users/mandeep/.m2/repository/org/apache/httpcomponents/core5/httpcore5/5.1.3/httpcore5-5.1.3.jar:/Users/mandeep/.m2/repository/org/apache/httpcomponents/core5/httpcore5-h2/5.1.3/httpcore5-h2-5.1.3.jar:/Users/mandeep/.m2/repository/com/google/guava/guava/31.0.1-jre/guava-31.0.1-jre.jar:/Users/mandeep/.m2/repository/com/google/guava/failureaccess/1.0.1/failureaccess-1.0.1.jar:/Users/mandeep/.m2/repository/com/google/guava/listenablefuture/9999.0-empty-to-avoid-conflict-with-guava/listenablefuture-9999.0-empty-to-avoid-conflict-with-guava.jar:/Users/mandeep/.m2/repository/org/checkerframework/checker-qual/3.12.0/checker-qual-3.12.0.jar:/Users/mandeep/.m2/repository/com/google/errorprone/error_prone_annotations/2.7.1/error_prone_annotations-2.7.1.jar:/Users/mandeep/.m2/repository/com/google/j2objc/j2objc-annotations/1.3/j2objc-annotations-1.3.jar:/Users/mandeep/.m2/repository/com/relevantcodes/extentreports/2.41.2/extentreports-2.41.2.jar:/Users/mandeep/.m2/repository/org/jsoup/jsoup/1.8.3/jsoup-1.8.3.jar:/Users/mandeep/.m2/repository/org/xerial/sqlite-jdbc/3.8.11.1/sqlite-jdbc-3.8.11.1.jar:/Users/mandeep/.m2/repository/org/freemarker/freemarker/2.3.23/freemarker-2.3.23.jar:/Users/mandeep/.m2/repository/org/slf4j/slf4j-api/1.7.5/slf4j-api-1.7.5.jar:/Users/mandeep/.m2/repository/org/slf4j/slf4j-log4j12/1.7.5/slf4j-log4j12-1.7.5.jar:/Users/mandeep/.m2/repository/log4j/log4j/1.2.17/log4j-1.2.17.jar:/Users/mandeep/.m2/repository/org/apache/poi/poi/5.2.2/poi-5.2.2.jar:/Users/mandeep/.m2/repository/commons-codec/commons-codec/1.15/commons-codec-1.15.jar:/Users/mandeep/.m2/repository/org/apache/commons/commons-collections4/4.4/commons-collections4-4.4.jar:/Users/mandeep/.m2/repository/org/apache/commons/commons-math3/3.6.1/commons-math3-3.6.1.jar:/Users/mandeep/.m2/repository/commons-io/commons-io/2.11.0/commons-io-2.11.0.jar:/Users/mandeep/.m2/repository/com/zaxxer/SparseBitSet/1.2/SparseBitSet-1.2.jar:/Users/mandeep/.m2/repository/org/apache/logging/log4j/log4j-api/2.17.2/log4j-api-2.17.2.jar:/Users/mandeep/.m2/repository/org/apache/poi/poi-ooxml/5.2.2/poi-ooxml-5.2.2.jar:/Users/mandeep/.m2/repository/org/apache/poi/poi-ooxml-lite/5.2.2/poi-ooxml-lite-5.2.2.jar:/Users/mandeep/.m2/repository/org/apache/xmlbeans/xmlbeans/5.0.3/xmlbeans-5.0.3.jar:/Users/mandeep/.m2/repository/org/apache/commons/commons-compress/1.21/commons-compress-1.21.jar:/Users/mandeep/.m2/repository/com/github/virtuald/curvesapi/1.07/curvesapi-1.07.jar:/Users/mandeep/.m2/repository/org/apache/logging/log4j/log4j-core/2.17.2/log4j-core-2.17.2.jar:/Users/mandeep/.m2/repository/org/mongodb/mongodb-jdbc/2.0.0/mongodb-jdbc-2.0.0.jar:/Users/mandeep/.m2/repository/org/mongodb/mongodb-driver-sync/3.12.11/mongodb-driver-sync-3.12.11.jar:/Users/mandeep/.m2/repository/org/mongodb/bson/3.12.11/bson-3.12.11.jar:/Users/mandeep/.m2/repository/org/mongodb/mongodb-driver/3.12.11/mongodb-driver-3.12.11.jar:/Users/mandeep/.m2/repository/org/aspectj/aspectjrt/1.9.7/aspectjrt-1.9.7.jar:/Users/mandeep/.m2/repository/org/mongodb/mongodb-driver-core/3.12.11/mongodb-driver-core-3.12.11.jar:/Users/mandeep/.m2/repository/org/yaml/snakeyaml/1.29/snakeyaml-1.29.jar:"/>
    <property name="sun.cpu.endian" value="little"/>
    <property name="user.home" value="/Users/mandeep"/>
    <property name="user.language" value="en"/>
    <property name="java.specification.vendor" value="Oracle Corporation"/>
    <property name="java.version.date" value="2021-10-19"/>
    <property name="java.home" value="/Library/Java/JavaVirtualMachines/jdk-17.0.1.jdk/Contents/Home"/>
    <property name="file.separator" value="/"/>
    <property name="basedir" value="/Users/mandeep/eclipse-workspace/hybridWeb"/>
    <property name="java.vm.compressedOopsMode" value="Zero based"/>
    <property name="line.separator" value="&#10;"/>
    <property name="java.specification.name" value="Java Platform API Specification"/>
    <property name="java.vm.specification.vendor" value="Oracle Corporation"/>
    <property name="surefire.real.class.path" value="/Users/mandeep/eclipse-workspace/hybridWeb/target/surefire/surefirebooter16388560793712075944.jar"/>
    <property name="sun.management.compiler" value="HotSpot 64-Bit Tiered Compilers"/>
    <property name="ftp.nonProxyHosts" value="local|*.local|169.254/16|*.169.254/16"/>
    <property name="java.runtime.version" value="17.0.1+12-LTS-39"/>
    <property name="user.name" value="mandeep"/>
    <property name="path.separator" value=":"/>
    <property name="os.version" value="11.5.2"/>
    <property name="java.runtime.name" value="Java(TM) SE Runtime Environment"/>
    <property name="file.encoding" value="UTF-8"/>
    <property name="java.vm.name" value="Java HotSpot(TM) 64-Bit Server VM"/>
    <property name="localRepository" value="/Users/mandeep/.m2/repository"/>
    <property name="java.vendor.url.bug" value="https://bugreport.java.com/bugreport/"/>
    <property name="java.io.tmpdir" value="/var/folders/g3/l59l2wlx2jxfj8dnzw2pn9r40000gn/T/"/>
    <property name="java.version" value="17.0.1"/>
    <property name="user.dir" value="/Users/mandeep/eclipse-workspace/hybridWeb"/>
    <property name="os.arch" value="x86_64"/>
    <property name="java.vm.specification.name" value="Java Virtual Machine Specification"/>
    <property name="native.encoding" value="UTF-8"/>
    <property name="java.library.path" value="/Users/mandeep/Library/Java/Extensions:/Library/Java/Extensions:/Network/Library/Java/Extensions:/System/Library/Java/Extensions:/usr/lib/java:."/>
    <property name="java.vm.info" value="mixed mode, sharing"/>
    <property name="java.vendor" value="Oracle Corporation"/>
    <property name="java.vm.version" value="17.0.1+12-LTS-39"/>
    <property name="sun.io.unicode.encoding" value="UnicodeBig"/>
    <property name="socksNonProxyHosts" value="local|*.local|169.254/16|*.169.254/16"/>
    <property name="java.class.version" value="61.0"/>
  </properties>
  <testcase name="verifySignupTest" classname="hybridWeb.crm.qa.testcases.SignUpPageTest" time="3.596"/>
  <testcase name="verifySignupTest" classname="hybridWeb.crm.qa.testcases.SignUpPageTest" time="3.558"/>
  <testcase name="verifySignupTest" classname="hybridWeb.crm.qa.testcases.SignUpPageTest" time="2.938"/>
  <testcase name="verfifydashTitleTest" classname="hybridWeb.crm.qa.testcases.dashboardPageTest" time="3.363"/>
  <testcase name="verifydashTextTest" classname="hybridWeb.crm.qa.testcases.dashboardPageTest" time="2.198"/>
  <testcase name="verifydashUserTest" classname="hybridWeb.crm.qa.testcases.dashboardPageTest" time="1.869">
    <failure message="username of dashboard didnt match expected [Your Dashboard learningpython11@gmail.com] but found [Your Dashboard&#10;learningpython11@gmail.com]" type="java.lang.AssertionError">java.lang.AssertionError: 
username of dashboard didnt match expected [Your Dashboard learningpython11@gmail.com] but found [Your Dashboard
learningpython11@gmail.com]
	at hybridWeb.crm.qa.testcases.dashboardPageTest.verifydashUserTest(dashboardPageTest.java:62)
</failure>
    <system-out><![CDATA[testing in progress
Before navigating to: 'https://dev-cloud.campk12.com/in'
Navigated to:'https://dev-cloud.campk12.com/in'
Trying to find Element By : By.xpath: //*[contains(text(),'Login to Dashboard')]
Found Element By : By.xpath: //*[contains(text(),'Login to Dashboard')]
Trying to click on: [[ChromeDriver: chrome on MAC (499bb88e798d120e8e13a10bb22cd5e9)] -> xpath: //*[contains(text(),'Login to Dashboard')]]
Clicked on: [[ChromeDriver: chrome on MAC (499bb88e798d120e8e13a10bb22cd5e9)] -> xpath: //*[contains(text(),'Login to Dashboard')]]
Trying to find Element By : By.xpath: //button[contains(text(),'Login via Password Instead')]
Found Element By : By.xpath: //button[contains(text(),'Login via Password Instead')]
Trying to click on: [[ChromeDriver: chrome on MAC (499bb88e798d120e8e13a10bb22cd5e9)] -> xpath: //button[contains(text(),'Login via Password Instead')]]
Clicked on: [[ChromeDriver: chrome on MAC (499bb88e798d120e8e13a10bb22cd5e9)] -> xpath: //button[contains(text(),'Login via Password Instead')]]
Trying to find Element By : By.xpath: //input[@name='email' and @type='email']
Found Element By : By.xpath: //input[@name='email' and @type='email']
Trying to find Element By : By.xpath: //input[@name="password" and @type="password"]
Found Element By : By.xpath: //input[@name="password" and @type="password"]
Trying to find Element By : By.xpath: //button[contains(text(),"Login with Password")]
Found Element By : By.xpath: //button[contains(text(),"Login with Password")]
Trying to click on: [[ChromeDriver: chrome on MAC (499bb88e798d120e8e13a10bb22cd5e9)] -> xpath: //button[contains(text(),"Login with Password")]]
Clicked on: [[ChromeDriver: chrome on MAC (499bb88e798d120e8e13a10bb22cd5e9)] -> xpath: //button[contains(text(),"Login with Password")]]
Trying to find Element By : By.cssSelector: .css-1ww79u8
Found Element By : By.cssSelector: .css-1ww79u8
]]></system-out>
    <system-err><![CDATA[Starting ChromeDriver 104.0.5112.79 (3cf3e8c8a07d104b9e1260c910efb8f383285dc5-refs/branch-heads/5112@{#1307}) on port 52102
Only local connections are allowed.
Please see https://chromedriver.chromium.org/security-considerations for suggestions on keeping ChromeDriver safe.
ChromeDriver was started successfully.
[1662737686.267][WARNING]: This version of ChromeDriver has not been tested with Chrome version 105.
Sep 09, 2022 9:04:46 PM org.openqa.selenium.remote.ProtocolHandshake createSession
INFO: Detected upstream dialect: W3C
Sep 09, 2022 9:04:46 PM org.openqa.selenium.devtools.CdpVersionFinder findNearestMatch
WARNING: Unable to find an exact match for CDP version 105, so returning the closest version found: 104
Sep 09, 2022 9:04:46 PM org.openqa.selenium.devtools.CdpVersionFinder findNearestMatch
INFO: Found CDP implementation for version 105 of 104
]]></system-err>
  </testcase>
  <testcase name="verifycurriculumLinkTest" classname="hybridWeb.crm.qa.testcases.dashboardPageTest" time="2.534"/>
  <testcase name="verfifycuriculumTitleTest" classname="hybridWeb.crm.qa.testcases.CurriculumPageTest" time="0.034"/>
  <testcase name="verfifygradeTest" classname="hybridWeb.crm.qa.testcases.CurriculumPageTest" time="0.082">
    <failure message="grade not matched expected [Grades 5-6] but found [Grades 3-4]" type="java.lang.AssertionError">java.lang.AssertionError: grade not matched expected [Grades 5-6] but found [Grades 3-4]
	at hybridWeb.crm.qa.testcases.CurriculumPageTest.verfifygradeTest(CurriculumPageTest.java:56)
</failure>
    <system-out><![CDATA[testing in progress
Before navigating to: 'https://dev-cloud.campk12.com/in'
Navigated to:'https://dev-cloud.campk12.com/in'
Trying to find Element By : By.xpath: //*[contains(text(),'Login to Dashboard')]
Found Element By : By.xpath: //*[contains(text(),'Login to Dashboard')]
Trying to click on: [[ChromeDriver: chrome on MAC (22fdd3a3cf2e9e566832c5a98399a1fa)] -> xpath: //*[contains(text(),'Login to Dashboard')]]
Clicked on: [[ChromeDriver: chrome on MAC (22fdd3a3cf2e9e566832c5a98399a1fa)] -> xpath: //*[contains(text(),'Login to Dashboard')]]
Trying to find Element By : By.xpath: //button[contains(text(),'Login via Password Instead')]
Found Element By : By.xpath: //button[contains(text(),'Login via Password Instead')]
Trying to click on: [[ChromeDriver: chrome on MAC (22fdd3a3cf2e9e566832c5a98399a1fa)] -> xpath: //button[contains(text(),'Login via Password Instead')]]
Clicked on: [[ChromeDriver: chrome on MAC (22fdd3a3cf2e9e566832c5a98399a1fa)] -> xpath: //button[contains(text(),'Login via Password Instead')]]
Trying to find Element By : By.xpath: //input[@name='email' and @type='email']
Found Element By : By.xpath: //input[@name='email' and @type='email']
Trying to find Element By : By.xpath: //input[@name="password" and @type="password"]
Found Element By : By.xpath: //input[@name="password" and @type="password"]
Trying to find Element By : By.xpath: //button[contains(text(),"Login with Password")]
Found Element By : By.xpath: //button[contains(text(),"Login with Password")]
Trying to click on: [[ChromeDriver: chrome on MAC (22fdd3a3cf2e9e566832c5a98399a1fa)] -> xpath: //button[contains(text(),"Login with Password")]]
Clicked on: [[ChromeDriver: chrome on MAC (22fdd3a3cf2e9e566832c5a98399a1fa)] -> xpath: //button[contains(text(),"Login with Password")]]
Trying to find Element By : By.xpath: //a[@href = "/curriculum"]
Found Element By : By.xpath: //a[@href = "/curriculum"]
Trying to click on: [[ChromeDriver: chrome on MAC (22fdd3a3cf2e9e566832c5a98399a1fa)] -> xpath: //a[@href = "/curriculum"]]
Clicked on: [[ChromeDriver: chrome on MAC (22fdd3a3cf2e9e566832c5a98399a1fa)] -> xpath: //a[@href = "/curriculum"]]
Trying to find Element By : By.cssSelector: button[class='css-12awtiv'] span
Found Element By : By.cssSelector: button[class='css-12awtiv'] span
]]></system-out>
    <system-err><![CDATA[Starting ChromeDriver 104.0.5112.79 (3cf3e8c8a07d104b9e1260c910efb8f383285dc5-refs/branch-heads/5112@{#1307}) on port 63706
Only local connections are allowed.
Please see https://chromedriver.chromium.org/security-considerations for suggestions on keeping ChromeDriver safe.
ChromeDriver was started successfully.
[1662737758.208][WARNING]: This version of ChromeDriver has not been tested with Chrome version 105.
Sep 09, 2022 9:05:58 PM org.openqa.selenium.remote.ProtocolHandshake createSession
INFO: Detected upstream dialect: W3C
Sep 09, 2022 9:05:58 PM org.openqa.selenium.devtools.CdpVersionFinder findNearestMatch
WARNING: Unable to find an exact match for CDP version 105, so returning the closest version found: 104
Sep 09, 2022 9:05:58 PM org.openqa.selenium.devtools.CdpVersionFinder findNearestMatch
INFO: Found CDP implementation for version 105 of 104
]]></system-err>
  </testcase>
  <testcase name="verifydownloadcurrTest" classname="hybridWeb.crm.qa.testcases.CurriculumPageTest" time="0.165"/>
  <testcase name="verifyPayMonthlyRadioTest" classname="hybridWeb.crm.qa.testcases.CurriculumPageTest" time="1.946">
    <failure message="element click intercepted: Element is not clickable at point (876, 991)&#10;  (Session info: chrome=105.0.5195.102)&#10;Build info: version: &apos;4.4.0&apos;, revision: &apos;e5c75ed026a&apos;&#10;System info: host: &apos;mandeeps-MacBook-Air.local&apos;, ip: &apos;2401:4900:1f33:aa9c:4d5:146c:d7bf:cd62%en0&apos;, os.name: &apos;Mac OS X&apos;, os.arch: &apos;x86_64&apos;, os.version: &apos;11.5.2&apos;, java.version: &apos;17.0.1&apos;&#10;Driver info: org.openqa.selenium.chrome.ChromeDriver&#10;Command: [0b3094a7615327dba598b6dbfa4ee326, clickElement {id=4e5bef1a-106e-467d-a5c6-62133cefc49c}]&#10;Capabilities {acceptInsecureCerts: false, browserName: chrome, browserVersion: 105.0.5195.102, chrome: {chromedriverVersion: 104.0.5112.79 (3cf3e8c8a07d..., userDataDir: /var/folders/g3/l59l2wlx2jx...}, goog:chromeOptions: {debuggerAddress: localhost:50087}, networkConnectionEnabled: false, pageLoadStrategy: normal, platformName: MAC, proxy: Proxy(), se:cdp: ws://localhost:50087/devtoo..., se:cdpVersion: 105.0.5195.102, setWindowRect: true, strictFileInteractability: false, timeouts: {implicit: 0, pageLoad: 300000, script: 30000}, unhandledPromptBehavior: dismiss and notify, webauthn:extension:credBlob: true, webauthn:extension:largeBlob: true, webauthn:virtualAuthenticators: true}&#10;Element: [[ChromeDriver: chrome on MAC (0b3094a7615327dba598b6dbfa4ee326)] -&gt; css selector: input.css-1gy22ay[value=&quot;MONTHLY&quot;]]&#10;Session ID: 0b3094a7615327dba598b6dbfa4ee326" type="org.openqa.selenium.ElementClickInterceptedException">org.openqa.selenium.ElementClickInterceptedException: 
element click intercepted: Element is not clickable at point (876, 991)
  (Session info: chrome=105.0.5195.102)
Build info: version: '4.4.0', revision: 'e5c75ed026a'
System info: host: 'mandeeps-MacBook-Air.local', ip: '2401:4900:1f33:aa9c:4d5:146c:d7bf:cd62%en0', os.name: 'Mac OS X', os.arch: 'x86_64', os.version: '11.5.2', java.version: '17.0.1'
Driver info: org.openqa.selenium.chrome.ChromeDriver
Command: [0b3094a7615327dba598b6dbfa4ee326, clickElement {id=4e5bef1a-106e-467d-a5c6-62133cefc49c}]
Capabilities {acceptInsecureCerts: false, browserName: chrome, browserVersion: 105.0.5195.102, chrome: {chromedriverVersion: 104.0.5112.79 (3cf3e8c8a07d..., userDataDir: /var/folders/g3/l59l2wlx2jx...}, goog:chromeOptions: {debuggerAddress: localhost:50087}, networkConnectionEnabled: false, pageLoadStrategy: normal, platformName: MAC, proxy: Proxy(), se:cdp: ws://localhost:50087/devtoo..., se:cdpVersion: 105.0.5195.102, setWindowRect: true, strictFileInteractability: false, timeouts: {implicit: 0, pageLoad: 300000, script: 30000}, unhandledPromptBehavior: dismiss and notify, webauthn:extension:credBlob: true, webauthn:extension:largeBlob: true, webauthn:virtualAuthenticators: true}
Element: [[ChromeDriver: chrome on MAC (0b3094a7615327dba598b6dbfa4ee326)] -> css selector: input.css-1gy22ay[value="MONTHLY"]]
Session ID: 0b3094a7615327dba598b6dbfa4ee326
	at hybridWeb.crm.qa.testcases.CurriculumPageTest.verifyPayMonthlyRadioTest(CurriculumPageTest.java:69)
</failure>
    <system-out><![CDATA[testing in progress
Before navigating to: 'https://dev-cloud.campk12.com/in'
Navigated to:'https://dev-cloud.campk12.com/in'
Trying to find Element By : By.xpath: //*[contains(text(),'Login to Dashboard')]
Found Element By : By.xpath: //*[contains(text(),'Login to Dashboard')]
Trying to click on: [[ChromeDriver: chrome on MAC (0b3094a7615327dba598b6dbfa4ee326)] -> xpath: //*[contains(text(),'Login to Dashboard')]]
Clicked on: [[ChromeDriver: chrome on MAC (0b3094a7615327dba598b6dbfa4ee326)] -> xpath: //*[contains(text(),'Login to Dashboard')]]
Trying to find Element By : By.xpath: //button[contains(text(),'Login via Password Instead')]
Found Element By : By.xpath: //button[contains(text(),'Login via Password Instead')]
Trying to click on: [[ChromeDriver: chrome on MAC (0b3094a7615327dba598b6dbfa4ee326)] -> xpath: //button[contains(text(),'Login via Password Instead')]]
Clicked on: [[ChromeDriver: chrome on MAC (0b3094a7615327dba598b6dbfa4ee326)] -> xpath: //button[contains(text(),'Login via Password Instead')]]
Trying to find Element By : By.xpath: //input[@name='email' and @type='email']
Found Element By : By.xpath: //input[@name='email' and @type='email']
Trying to find Element By : By.xpath: //input[@name="password" and @type="password"]
Found Element By : By.xpath: //input[@name="password" and @type="password"]
Trying to find Element By : By.xpath: //button[contains(text(),"Login with Password")]
Found Element By : By.xpath: //button[contains(text(),"Login with Password")]
Trying to click on: [[ChromeDriver: chrome on MAC (0b3094a7615327dba598b6dbfa4ee326)] -> xpath: //button[contains(text(),"Login with Password")]]
Clicked on: [[ChromeDriver: chrome on MAC (0b3094a7615327dba598b6dbfa4ee326)] -> xpath: //button[contains(text(),"Login with Password")]]
Trying to find Element By : By.xpath: //a[@href = "/curriculum"]
Found Element By : By.xpath: //a[@href = "/curriculum"]
Trying to click on: [[ChromeDriver: chrome on MAC (0b3094a7615327dba598b6dbfa4ee326)] -> xpath: //a[@href = "/curriculum"]]
Clicked on: [[ChromeDriver: chrome on MAC (0b3094a7615327dba598b6dbfa4ee326)] -> xpath: //a[@href = "/curriculum"]]
Trying to find Element By : By.cssSelector: input.css-1gy22ay[value="MONTHLY"]
Found Element By : By.cssSelector: input.css-1gy22ay[value="MONTHLY"]
Trying to click on: [[ChromeDriver: chrome on MAC (0b3094a7615327dba598b6dbfa4ee326)] -> css selector: input.css-1gy22ay[value="MONTHLY"]]
Exception occured: org.openqa.selenium.ElementClickInterceptedException: element click intercepted: Element is not clickable at point (876, 991)
  (Session info: chrome=105.0.5195.102)
Build info: version: '4.4.0', revision: 'e5c75ed026a'
System info: host: 'mandeeps-MacBook-Air.local', ip: '2401:4900:1f33:aa9c:4d5:146c:d7bf:cd62%en0', os.name: 'Mac OS X', os.arch: 'x86_64', os.version: '11.5.2', java.version: '17.0.1'
Driver info: org.openqa.selenium.chrome.ChromeDriver
Command: [0b3094a7615327dba598b6dbfa4ee326, clickElement {id=4e5bef1a-106e-467d-a5c6-62133cefc49c}]
Capabilities {acceptInsecureCerts: false, browserName: chrome, browserVersion: 105.0.5195.102, chrome: {chromedriverVersion: 104.0.5112.79 (3cf3e8c8a07d..., userDataDir: /var/folders/g3/l59l2wlx2jx...}, goog:chromeOptions: {debuggerAddress: localhost:50087}, networkConnectionEnabled: false, pageLoadStrategy: normal, platformName: MAC, proxy: Proxy(), se:cdp: ws://localhost:50087/devtoo..., se:cdpVersion: 105.0.5195.102, setWindowRect: true, strictFileInteractability: false, timeouts: {implicit: 0, pageLoad: 300000, script: 30000}, unhandledPromptBehavior: dismiss and notify, webauthn:extension:credBlob: true, webauthn:extension:largeBlob: true, webauthn:virtualAuthenticators: true}
Element: [[ChromeDriver: chrome on MAC (0b3094a7615327dba598b6dbfa4ee326)] -> css selector: input.css-1gy22ay[value="MONTHLY"]]
Session ID: 0b3094a7615327dba598b6dbfa4ee326
]]></system-out>
    <system-err><![CDATA[Starting ChromeDriver 104.0.5112.79 (3cf3e8c8a07d104b9e1260c910efb8f383285dc5-refs/branch-heads/5112@{#1307}) on port 61564
Only local connections are allowed.
Please see https://chromedriver.chromium.org/security-considerations for suggestions on keeping ChromeDriver safe.
ChromeDriver was started successfully.
[1662737810.613][WARNING]: This version of ChromeDriver has not been tested with Chrome version 105.
Sep 09, 2022 9:06:50 PM org.openqa.selenium.remote.ProtocolHandshake createSession
INFO: Detected upstream dialect: W3C
Sep 09, 2022 9:06:51 PM org.openqa.selenium.devtools.CdpVersionFinder findNearestMatch
WARNING: Unable to find an exact match for CDP version 105, so returning the closest version found: 104
Sep 09, 2022 9:06:51 PM org.openqa.selenium.devtools.CdpVersionFinder findNearestMatch
INFO: Found CDP implementation for version 105 of 104
]]></system-err>
  </testcase>
  <testcase name="login" classname="hybridWeb.crm.qa.testcases.LoginPageTest" time="6.504"/>
</testsuite>