<?xml version="1.0" encoding="UTF-8"?>
<!-- Generated by org.testng.reporters.JUnitReportReporter -->
<testsuite hostname="mandeeps-MacBook-Air.local" failures="0" tests="3" name="hybridWeb.crm.qa.testcases.SignUpPageTest" time="71.251" errors="0" timestamp="2022-09-09T18:01:58 IST" skipped="0">
  <testcase classname="hybridWeb.crm.qa.testcases.SignUpPageTest" name="verifySignupTest" time="22.253"/>
  <system-out/>
  <testcase classname="hybridWeb.crm.qa.testcases.SignUpPageTest" name="verifySignupTest" time="25.208"/>
  <system-out/>
  <testcase classname="hybridWeb.crm.qa.testcases.SignUpPageTest" name="verifySignupTest" time="23.790"/>
  <system-out/>
</testsuite> <!-- hybridWeb.crm.qa.testcases.SignUpPageTest -->
