<?xml version="1.0" encoding="UTF-8"?>
<!-- Generated by org.testng.reporters.JUnitReportReporter -->
<testsuite hostname="mandeeps-MacBook-Air.local" failures="0" tests="1" name="hybridWeb.crm.qa.testcases.LoginPageTest" time="22.201" errors="0" timestamp="2022-09-09T21:07:47 IST" skipped="0">
  <testcase classname="hybridWeb.crm.qa.testcases.LoginPageTest" name="login" time="22.201"/>
  <system-out/>
</testsuite> <!-- hybridWeb.crm.qa.testcases.LoginPageTest -->
