<?xml version="1.0" encoding="UTF-8"?>
<!-- Generated by org.testng.reporters.JUnitReportReporter -->
<testsuite hostname="mandeeps-MacBook-Air.local" failures="0" tests="3" name="hybridWeb.crm.qa.testcases.SignUpPageTest" time="77.259" errors="0" timestamp="2022-09-09T21:07:47 IST" skipped="0">
  <testcase classname="hybridWeb.crm.qa.testcases.SignUpPageTest" name="verifySignupTest" time="25.049"/>
  <system-out/>
  <testcase classname="hybridWeb.crm.qa.testcases.SignUpPageTest" name="verifySignupTest" time="25.860"/>
  <system-out/>
  <testcase classname="hybridWeb.crm.qa.testcases.SignUpPageTest" name="verifySignupTest" time="26.350"/>
  <system-out/>
</testsuite> <!-- hybridWeb.crm.qa.testcases.SignUpPageTest -->
